<?xml version="1.0" encoding="UTF-8"?>
<!-- Generated by org.testng.reporters.JUnitXMLReporter -->
<testsuite ignored="0" hostname="Uttam" failures="0" tests="8" name="Surefire test" time="30.454" errors="0" timestamp="2022-11-03T19:37:00 IST">
  <testcase classname="com.mycompany.app.Dataprovider_demo_Test" name="kite_login" time="15.459"/>
  <testcase classname="com.mycompany.app.Dataprovider_demo_Test" name="kite_login" time="18.521"/>
  <testcase classname="com.mycompany.app.Dataprovider_demo_Test" name="kite_login" time="18.935"/>
  <testcase classname="com.mycompany.app.Dataprovider_demo_Test" name="kite_login" time="19.608"/>
  <testcase classname="com.mycompany.app.Dataprovider_demo_Test" name="kite_login" time="19.659"/>
  <testcase classname="com.mycompany.app.SoftAssert_demo_Test" name="launchBrowser" time="10.58"/>
  <testcase classname="com.mycompany.app.SoftAssert_demo_Test" name="checktitle" time="0.112"/>
  <testcase classname="com.mycompany.app.SoftAssert_demo_Test" name="checkURL" time="0.011"/>
</testsuite> <!-- Surefire test -->
